0 info it worked if it ends with ok
1 verbose cli [ '/home/ruben/.asdf/installs/nodejs/7.2.0/bin/node',
1 verbose cli   '/home/ruben/.asdf/installs/nodejs/7.2.0/bin/npm',
1 verbose cli   'run',
1 verbose cli   'build' ]
2 info using npm@3.10.9
3 info using node@v7.2.0
4 verbose run-script [ 'prebuild', 'build', 'postbuild' ]
5 info lifecycle @~prebuild: @
6 silly lifecycle @~prebuild: no script for prebuild, continuing
7 info lifecycle @~build: @
8 verbose lifecycle @~build: unsafe-perm in lifecycle true
9 verbose lifecycle @~build: PATH: /home/ruben/.asdf/installs/nodejs/7.2.0/lib/node_modules/npm/bin/node-gyp-bin:/home/ruben/Documentos/cardo_client/node_modules/.bin:/home/ruben/.asdf/installs/nodejs/7.2.0/bin:/home/ruben/.asdf/bin:/home/ruben/.asdf/shims:/home/ruben/.asdf/bin:/home/ruben/.asdf/shims:/usr/local/bin:/usr/bin:/bin:/usr/local/sbin:/usr/sbin:/home/ruben/.local/bin:/home/ruben/bin
10 verbose lifecycle @~build: CWD: /home/ruben/Documentos/cardo_client
11 silly lifecycle @~build: Args: [ '-c', 'node_modules/brunch/bin/brunch b' ]
12 silly lifecycle @~build: Returned: code: 1  signal: null
13 info lifecycle @~build: Failed to exec build script
14 verbose stack Error: @ build: `node_modules/brunch/bin/brunch b`
14 verbose stack Exit status 1
14 verbose stack     at EventEmitter.<anonymous> (/home/ruben/.asdf/installs/nodejs/7.2.0/lib/node_modules/npm/lib/utils/lifecycle.js:255:16)
14 verbose stack     at emitTwo (events.js:106:13)
14 verbose stack     at EventEmitter.emit (events.js:191:7)
14 verbose stack     at ChildProcess.<anonymous> (/home/ruben/.asdf/installs/nodejs/7.2.0/lib/node_modules/npm/lib/utils/spawn.js:40:14)
14 verbose stack     at emitTwo (events.js:106:13)
14 verbose stack     at ChildProcess.emit (events.js:191:7)
14 verbose stack     at maybeClose (internal/child_process.js:885:16)
14 verbose stack     at Process.ChildProcess._handle.onexit (internal/child_process.js:226:5)
15 verbose pkgid @
16 verbose cwd /home/ruben/Documentos/cardo_client
17 error Linux 4.10.8-200.fc25.x86_64
18 error argv "/home/ruben/.asdf/installs/nodejs/7.2.0/bin/node" "/home/ruben/.asdf/installs/nodejs/7.2.0/bin/npm" "run" "build"
19 error node v7.2.0
20 error npm  v3.10.9
21 error code ELIFECYCLE
22 error @ build: `node_modules/brunch/bin/brunch b`
22 error Exit status 1
23 error Failed at the @ build script 'node_modules/brunch/bin/brunch b'.
23 error Make sure you have the latest version of node.js and npm installed.
23 error If you do, this is most likely a problem with the  package,
23 error not with npm itself.
23 error Tell the author that this fails on your system:
23 error     node_modules/brunch/bin/brunch b
23 error You can get information on how to open an issue for this project with:
23 error     npm bugs
23 error Or if that isn't available, you can get their info via:
23 error     npm owner ls
23 error There is likely additional logging output above.
24 verbose exit [ 1, true ]
